[     130ms] [LOG] [Fast Refresh] rebuilding @ http://localhost:3000/_next/static/chunks/19xk_next_dist_0sru9kl._.js:2477
[     251ms] [LOG] [Fast Refresh] done in 233ms @ http://localhost:3000/_next/static/chunks/19xk_next_dist_0sru9kl._.js:2477
[     337ms] [INFO] %cDownload the React DevTools for a better development experience: https://react.dev/link/react-devtools font-weight:bold @ http://localhost:3000/_next/static/chunks/19xk_next_dist_0sru9kl._.js:2477
[     371ms] [LOG] [HMR] connected @ http://localhost:3000/_next/static/chunks/19xk_next_dist_0sru9kl._.js:2477
[    2836ms] [LOG] [Fast Refresh] rebuilding @ http://localhost:3000/_next/static/chunks/19xk_next_dist_0sru9kl._.js:2477
[    2954ms] [LOG] [Fast Refresh] done in 232ms @ http://localhost:3000/_next/static/chunks/19xk_next_dist_0sru9kl._.js:2477
[  213116ms] [LOG] [Fast Refresh] rebuilding @ http://localhost:3000/_next/static/chunks/19xk_next_dist_0sru9kl._.js:2477
[  213399ms] [LOG] [Fast Refresh] done in 397ms @ http://localhost:3000/_next/static/chunks/19xk_next_dist_0sru9kl._.js:2477
[  219312ms] [LOG] [Fast Refresh] rebuilding @ http://localhost:3000/_next/static/chunks/19xk_next_dist_0sru9kl._.js:2477
[  219378ms] [LOG] [Fast Refresh] done in 168ms @ http://localhost:3000/_next/static/chunks/19xk_next_dist_0sru9kl._.js:2477
[  219482ms] [LOG] [Fast Refresh] rebuilding @ http://localhost:3000/_next/static/chunks/19xk_next_dist_0sru9kl._.js:2477
[  219690ms] [LOG] [Fast Refresh] done in 310ms @ http://localhost:3000/_next/static/chunks/19xk_next_dist_0sru9kl._.js:2477
[  219827ms] [LOG] [Fast Refresh] rebuilding @ http://localhost:3000/_next/static/chunks/19xk_next_dist_0sru9kl._.js:2477
[  219886ms] [LOG] [Fast Refresh] done in 171ms @ http://localhost:3000/_next/static/chunks/19xk_next_dist_0sru9kl._.js:2477
[  220111ms] [LOG] [Fast Refresh] rebuilding @ http://localhost:3000/_next/static/chunks/19xk_next_dist_0sru9kl._.js:2477
[  220478ms] [LOG] [Fast Refresh] done in 478ms @ http://localhost:3000/_next/static/chunks/19xk_next_dist_0sru9kl._.js:2477
[  227082ms] [LOG] [Fast Refresh] rebuilding @ http://localhost:3000/_next/static/chunks/19xk_next_dist_0sru9kl._.js:2477
[  227094ms] [LOG] [Fast Refresh] done in 112ms @ http://localhost:3000/_next/static/chunks/19xk_next_dist_0sru9kl._.js:2477
[  227220ms] [LOG] [Fast Refresh] rebuilding @ http://localhost:3000/_next/static/chunks/19xk_next_dist_0sru9kl._.js:2477
[  227345ms] [LOG] [Fast Refresh] done in 231ms @ http://localhost:3000/_next/static/chunks/19xk_next_dist_0sru9kl._.js:2477
[  227503ms] [LOG] [Fast Refresh] rebuilding @ http://localhost:3000/_next/static/chunks/19xk_next_dist_0sru9kl._.js:2477
[  227885ms] [LOG] [Fast Refresh] done in 492ms @ http://localhost:3000/_next/static/chunks/19xk_next_dist_0sru9kl._.js:2477
[  233623ms] [LOG] [Fast Refresh] rebuilding @ http://localhost:3000/_next/static/chunks/19xk_next_dist_0sru9kl._.js:2477
[  233893ms] [LOG] [Fast Refresh] done in 135ms @ http://localhost:3000/_next/static/chunks/19xk_next_dist_0sru9kl._.js:2477
[  234010ms] [LOG] [Fast Refresh] rebuilding @ http://localhost:3000/_next/static/chunks/19xk_next_dist_0sru9kl._.js:2477
[  234037ms] [LOG] [Fast Refresh] done in 140ms @ http://localhost:3000/_next/static/chunks/19xk_next_dist_0sru9kl._.js:2477
[  238063ms] [LOG] [Fast Refresh] rebuilding @ http://localhost:3000/_next/static/chunks/19xk_next_dist_0sru9kl._.js:2477
[  238204ms] [LOG] [Fast Refresh] done in 55ms @ http://localhost:3000/_next/static/chunks/19xk_next_dist_0sru9kl._.js:2477
[  238325ms] [LOG] [Fast Refresh] rebuilding @ http://localhost:3000/_next/static/chunks/19xk_next_dist_0sru9kl._.js:2477
[  238474ms] [LOG] [Fast Refresh] done in 263ms @ http://localhost:3000/_next/static/chunks/19xk_next_dist_0sru9kl._.js:2477
[  244331ms] [LOG] [Fast Refresh] rebuilding @ http://localhost:3000/_next/static/chunks/19xk_next_dist_0sru9kl._.js:2477
[  244345ms] [LOG] [Fast Refresh] done in 94ms @ http://localhost:3000/_next/static/chunks/19xk_next_dist_0sru9kl._.js:2477
[  244461ms] [LOG] [Fast Refresh] rebuilding @ http://localhost:3000/_next/static/chunks/19xk_next_dist_0sru9kl._.js:2477
[  244613ms] [LOG] [Fast Refresh] done in 258ms @ http://localhost:3000/_next/static/chunks/19xk_next_dist_0sru9kl._.js:2477
[  244746ms] [LOG] [Fast Refresh] rebuilding @ http://localhost:3000/_next/static/chunks/19xk_next_dist_0sru9kl._.js:2477
[  244765ms] [LOG] [Fast Refresh] done in 127ms @ http://localhost:3000/_next/static/chunks/19xk_next_dist_0sru9kl._.js:2477
[  246743ms] [LOG] [Fast Refresh] rebuilding @ http://localhost:3000/_next/static/chunks/19xk_next_dist_0sru9kl._.js:2477
[  246853ms] [LOG] [Fast Refresh] done in 213ms @ http://localhost:3000/_next/static/chunks/19xk_next_dist_0sru9kl._.js:2477
[  247871ms] [LOG] [Fast Refresh] rebuilding @ http://localhost:3000/_next/static/chunks/19xk_next_dist_0sru9kl._.js:2477
[  247976ms] [LOG] [Fast Refresh] done in 216ms @ http://localhost:3000/_next/static/chunks/19xk_next_dist_0sru9kl._.js:2477
